Line 01 - FriJun 23 11:23:44 2017 [5048][1][FATAL] 
Line 02 - FriJun 23 11:23:44 2017 [5048][1][FATAL]
Line 03 - FriJun 23 11:23:44 2017 [5048][1][FATAL]
Line 04 - FriJun 23 11:23:44 2017 [5048][1][FATAL]
Line 05 - FriJun 23 11:23:44 2017 [5048][1][FATAL]
Line 06 - FriJun 23 11:23:44 2017 [5048][1][FATAL]
Line 07 - FriJun 23 11:23:44 2017 [5048][1][FATAL]
Line 08 - FriJun 23 11:23:44 2017 [5048][1][FATAL]
Line 09 - FriJun 23 11:23:44 2017 [5048][1][FATAL]
Line 10 - FriJun 23 11:23:44 2017 [5048][1][FATAL]
Line 11 - FriJun 23 11:23:44 2017 [5048][1][FATAL]
Line 12 - FriJun 23 11:23:44 2017 [5048][1][FATAL]
Line 13 - FriJun 23 11:23:44 2017 [5048][1][FATAL]
Line 14 - FriJun 23 11:23:44 2017 [5048][1][FATAL]
Line 15 - FriJun 23 11:23:44 2017 [5048][1][FATAL]
Line 16 - FriJun 23 11:23:44 2017 [5048][1][FATAL]
Line 17 - FriJun 23 11:23:44 2017 [5048][1][FATAL]
Line 18 - FriJun 23 11:23:44 2017 [5048][1][FATAL]
Line 19 - FriJun 23 11:23:44 2017 [5048][1][FATAL]
Line 20 - FriJun 23 11:23:44 2017 [5048][1][FATAL]
Line 21 - FriJun 23 11:23:44 2017 [5048][1][FATAL]
Line 22 - FriJun 23 11:23:44 2017 [5048][1][FATAL]
Line 23 - FriJun 23 11:23:44 2017 [5048][1][FATAL]
Line 24 - FriJun 23 11:23:44 2017 [5048][1][FATAL]
Line 25 - FriJun 23 11:23:44 2017 [5048][1][FATAL]
Line 26 - FriJun 23 11:23:44 2017 [5048][1][FATAL]
Line 27 - FriJun 23 11:23:44 2017 [5048][1][FATAL]